<?xml version="1.0" encoding="UTF-8"?>
<testng-results skipped="0" failed="0" ignored="0" total="1" passed="1">
  <reporter-output>
  </reporter-output>
  <suite name="Command line suite" duration-ms="14" started-at="2020-07-23T14:15:08Z" finished-at="2020-07-23T14:15:08Z">
    <groups>
    </groups>
    <test name="Command line test" duration-ms="14" started-at="2020-07-23T14:15:08Z" finished-at="2020-07-23T14:15:08Z">
      <class name="omg.AppTest">
        <test-method status="PASS" signature="testApp()[pri:0, instance:testApp(omg.AppTest)]" name="testApp" duration-ms="2" started-at="2020-07-23T14:15:08Z" finished-at="2020-07-23T14:15:08Z">
          <reporter-output>
          </reporter-output>
        </test-method> <!-- testApp -->
      </class> <!-- omg.AppTest -->
    </test> <!-- Command line test -->
  </suite> <!-- Command line suite -->
</testng-results>
