<?xml version="1.0" encoding="UTF-8"?>
<!-- Generated by org.testng.reporters.JUnitXMLReporter -->
<testsuite hostname="LAPTOP-LOG2SSBM" ignored="3" name="djkfh" tests="2" failures="0" timestamp="21 Jul 2020 13:35:07 GMT" time="16.109" errors="0">
  <testcase name="oil" time="5.094" classname="omg.FirstTest"/>
  <testcase name="win" time="11.011" classname="omg.FirstTest"/>
  <testcase name="certi" time="0.0" classname="omg.FirstTest">
    <ignored/>
  </testcase> <!-- certi -->
  <testcase name="guio" time="0.0" classname="omg.FirstTest">
    <ignored/>
  </testcase> <!-- guio -->
  <testcase name="screen" time="0.0" classname="omg.FirstTest">
    <ignored/>
  </testcase> <!-- screen -->
</testsuite> <!-- djkfh -->
