<?xml version="1.0" encoding="UTF-8"?>
<!-- Generated by org.testng.reporters.JUnitXMLReporter -->
<testsuite hostname="LAPTOP-LOG2SSBM" ignored="3" name="Test" tests="13" failures="2" timestamp="22 Jul 2020 13:11:05 GMT" time="84.488" errors="0">
  <testcase name="opi" time="0.009" classname="omg.Fourthtest"/>
  <testcase name="opi" time="0.002" classname="omg.Fourthtest"/>
  <testcase name="opi" time="0.002" classname="omg.Fourthtest"/>
  <testcase name="fgrtr" time="8.618" classname="omg.ThirdTest"/>
  <testcase name="flow" time="0.0" classname="omg.ThirdTest">
    <failure type="org.testng.TestNGException" message="
Parameter &amp;apos;srt&amp;apos; is required by @Test on method flow but has not been marked @Optional or defined
in D:\selenium workspace\Zeal\testng.xml">
      <![CDATA[org.testng.TestNGException: 
Parameter 'srt' is required by @Test on method flow but has not been marked @Optional or defined
in D:\selenium workspace\Zeal\testng.xml
at java.util.concurrent.ThreadPoolExecutor.runWorker(ThreadPoolExecutor.java:1149)
at java.util.concurrent.ThreadPoolExecutor$Worker.run(ThreadPoolExecutor.java:624)
at java.lang.Thread.run(Thread.java:748)
... Removed 9 stack frames]]>
    </failure>
  </testcase> <!-- flow -->
  <testcase name="oil" time="8.846" classname="omg.FirstTest"/>
  <testcase name="win" time="8.041" classname="omg.FirstTest"/>
  <testcase name="boil" time="25.858" classname="omg.SecondTest"/>
  <testcase name="fgrt" time="20.439" classname="omg.SecondTest">
    <failure type="org.testng.internal.thread.ThreadTimeoutException" message="Method omg.SecondTest.fgrt() didn&amp;apos;t finish within the time-out 3000">
      <![CDATA[org.testng.internal.thread.ThreadTimeoutException: Method omg.SecondTest.fgrt() didn't finish within the time-out 3000
at java.util.concurrent.ThreadPoolExecutor.runWorker(ThreadPoolExecutor.java:1149)
at java.util.concurrent.ThreadPoolExecutor$Worker.run(ThreadPoolExecutor.java:624)
at java.lang.Thread.run(Thread.java:748)
... Removed 7 stack frames]]>
    </failure>
  </testcase> <!-- fgrt -->
  <testcase name="fgtry" time="11.531" classname="omg.SecondTest"/>
  <testcase name="frt" time="8.903" classname="omg.SecondTest"/>
  <testcase name="huio" time="8.955" classname="omg.SecondTest"/>
  <testcase name="ouil" time="8.75" classname="omg.SecondTest"/>
  <testcase name="certi" time="0.0" classname="omg.FirstTest">
    <ignored/>
  </testcase> <!-- certi -->
  <testcase name="guio" time="0.0" classname="omg.FirstTest">
    <ignored/>
  </testcase> <!-- guio -->
  <testcase name="screen" time="0.0" classname="omg.FirstTest">
    <ignored/>
  </testcase> <!-- screen -->
</testsuite> <!-- Test -->
