<?xml version="1.0" encoding="UTF-8"?>
<!-- Generated by org.testng.reporters.JUnitXMLReporter -->
<testsuite hostname="LAPTOP-LOG2SSBM" ignored="3" name="Test" tests="5" failures="0" timestamp="23 Jul 2020 14:27:30 GMT" time="18.324" errors="0">
  <testcase name="opi" time="0.008" classname="omg.Fourthtest"/>
  <testcase name="opi" time="0.001" classname="omg.Fourthtest"/>
  <testcase name="opi" time="0.0" classname="omg.Fourthtest"/>
  <testcase name="oil" time="6.131" classname="omg.FirstTest"/>
  <testcase name="win" time="12.146" classname="omg.FirstTest"/>
  <testcase name="certi" time="0.0" classname="omg.FirstTest">
    <ignored/>
  </testcase> <!-- certi -->
  <testcase name="guio" time="0.0" classname="omg.FirstTest">
    <ignored/>
  </testcase> <!-- guio -->
  <testcase name="screen" time="0.0" classname="omg.FirstTest">
    <ignored/>
  </testcase> <!-- screen -->
</testsuite> <!-- Test -->
