<?xml version="1.0" encoding="UTF-8"?>
<testng-results skipped="0" failed="2" ignored="3" total="16" passed="11">
  <reporter-output>
  </reporter-output>
  <suite name="Suite" duration-ms="84488" started-at="2020-07-22T13:09:41Z" finished-at="2020-07-22T13:11:05Z">
    <groups>
      <group name="asdf">
        <method signature="FirstTest.win()[pri:0, instance:omg.FirstTest@37883b97]" name="win" class="omg.FirstTest"/>
        <method signature="SecondTest.huio()[pri:0, instance:omg.SecondTest@4c309d4d]" name="huio" class="omg.SecondTest"/>
      </group> <!-- asdf -->
    </groups>
    <test name="Test" duration-ms="84488" started-at="2020-07-22T13:09:41Z" finished-at="2020-07-22T13:11:05Z">
      <class name="omg.SecondTest">
        <test-method status="PASS" signature="boil()[pri:0, instance:omg.SecondTest@4c309d4d]" name="boil" duration-ms="25858" started-at="2020-07-22T13:09:41Z" finished-at="2020-07-22T13:10:07Z">
          <reporter-output>
          </reporter-output>
        </test-method> <!-- boil -->
        <test-method status="FAIL" signature="fgrt()[pri:0, instance:omg.SecondTest@4c309d4d]" name="fgrt" duration-ms="20439" started-at="2020-07-22T13:10:07Z" finished-at="2020-07-22T13:10:27Z">
          <exception class="org.testng.internal.thread.ThreadTimeoutException">
            <message>
              <![CDATA[Method omg.SecondTest.fgrt() didn't finish within the time-out 3000]]>
            </message>
            <full-stacktrace>
              <![CDATA[org.testng.internal.thread.ThreadTimeoutException: Method omg.SecondTest.fgrt() didn't finish within the time-out 3000
at org.testng.internal.MethodInvocationHelper.invokeWithTimeoutWithNoExecutor(MethodInvocationHelper.java:283)
at org.testng.internal.MethodInvocationHelper.invokeWithTimeout(MethodInvocationHelper.java:265)
at org.testng.internal.Invoker.invokeMethod(Invoker.java:589)
at org.testng.internal.Invoker.invokeTestMethod(Invoker.java:719)
at org.testng.internal.Invoker.invokeTestMethods(Invoker.java:989)
at org.testng.internal.TestMethodWorker.invokeTestMethods(TestMethodWorker.java:125)
at org.testng.internal.TestMethodWorker.run(TestMethodWorker.java:109)
at java.util.concurrent.ThreadPoolExecutor.runWorker(ThreadPoolExecutor.java:1149)
at java.util.concurrent.ThreadPoolExecutor$Worker.run(ThreadPoolExecutor.java:624)
at java.lang.Thread.run(Thread.java:748)
]]>
            </full-stacktrace>
          </exception> <!-- org.testng.internal.thread.ThreadTimeoutException -->
          <reporter-output>
          </reporter-output>
        </test-method> <!-- fgrt -->
        <test-method status="PASS" signature="fgtry()[pri:0, instance:omg.SecondTest@4c309d4d]" name="fgtry" duration-ms="11531" started-at="2020-07-22T13:10:27Z" finished-at="2020-07-22T13:10:39Z">
          <reporter-output>
          </reporter-output>
        </test-method> <!-- fgtry -->
        <test-method status="PASS" signature="frt()[pri:0, instance:omg.SecondTest@4c309d4d]" name="frt" duration-ms="8903" started-at="2020-07-22T13:10:39Z" finished-at="2020-07-22T13:10:47Z">
          <reporter-output>
          </reporter-output>
        </test-method> <!-- frt -->
        <test-method status="PASS" signature="huio()[pri:0, instance:omg.SecondTest@4c309d4d]" name="huio" duration-ms="8955" started-at="2020-07-22T13:10:47Z" finished-at="2020-07-22T13:10:56Z">
          <reporter-output>
          </reporter-output>
        </test-method> <!-- huio -->
        <test-method status="PASS" signature="ouil()[pri:0, instance:omg.SecondTest@4c309d4d]" name="ouil" duration-ms="8750" started-at="2020-07-22T13:10:56Z" finished-at="2020-07-22T13:11:05Z">
          <reporter-output>
          </reporter-output>
        </test-method> <!-- ouil -->
      </class> <!-- omg.SecondTest -->
      <class name="omg.ThirdTest">
        <test-method status="PASS" signature="fgrtr()[pri:0, instance:omg.ThirdTest@ed7f8b4]" name="fgrtr" duration-ms="8618" started-at="2020-07-22T13:09:41Z" finished-at="2020-07-22T13:09:49Z">
          <reporter-output>
          </reporter-output>
        </test-method> <!-- fgrtr -->
        <test-method status="FAIL" signature="flow(java.lang.String)[pri:0, instance:omg.ThirdTest@ed7f8b4]" name="flow" duration-ms="0" started-at="2020-07-22T13:09:49Z" finished-at="2020-07-22T13:09:49Z">
          <exception class="org.testng.TestNGException">
            <message>
              <![CDATA[
Parameter 'srt' is required by @Test on method flow but has not been marked @Optional or defined
in D:\selenium workspace\Zeal\testng.xml]]>
            </message>
            <full-stacktrace>
              <![CDATA[org.testng.TestNGException: 
Parameter 'srt' is required by @Test on method flow but has not been marked @Optional or defined
in D:\selenium workspace\Zeal\testng.xml
at org.testng.internal.Parameters.createParams(Parameters.java:290)
at org.testng.internal.Parameters.createParametersForMethod(Parameters.java:359)
at org.testng.internal.Parameters.createParameters(Parameters.java:620)
at org.testng.internal.Parameters.handleParameters(Parameters.java:769)
at org.testng.internal.ParameterHandler.handleParameters(ParameterHandler.java:49)
at org.testng.internal.ParameterHandler.createParameters(ParameterHandler.java:37)
at org.testng.internal.Invoker.invokeTestMethods(Invoker.java:924)
at org.testng.internal.TestMethodWorker.invokeTestMethods(TestMethodWorker.java:125)
at org.testng.internal.TestMethodWorker.run(TestMethodWorker.java:109)
at java.util.concurrent.ThreadPoolExecutor.runWorker(ThreadPoolExecutor.java:1149)
at java.util.concurrent.ThreadPoolExecutor$Worker.run(ThreadPoolExecutor.java:624)
at java.lang.Thread.run(Thread.java:748)
]]>
            </full-stacktrace>
          </exception> <!-- org.testng.TestNGException -->
          <reporter-output>
          </reporter-output>
        </test-method> <!-- flow -->
      </class> <!-- omg.ThirdTest -->
      <class name="omg.FirstTest">
        <test-method status="PASS" signature="oil()[pri:0, instance:omg.FirstTest@37883b97]" name="oil" duration-ms="8846" started-at="2020-07-22T13:09:41Z" finished-at="2020-07-22T13:09:50Z">
          <reporter-output>
          </reporter-output>
        </test-method> <!-- oil -->
        <test-method status="PASS" signature="win()[pri:0, instance:omg.FirstTest@37883b97]" name="win" duration-ms="8041" started-at="2020-07-22T13:09:50Z" finished-at="2020-07-22T13:09:58Z">
          <reporter-output>
          </reporter-output>
        </test-method> <!-- win -->
      </class> <!-- omg.FirstTest -->
      <class name="omg.Fourthtest">
        <test-method status="PASS" signature="opi(java.lang.String, java.lang.String)[pri:0, instance:omg.Fourthtest@38102d01]" name="opi" duration-ms="9" started-at="2020-07-22T13:09:41Z" data-provider="getdata" finished-at="2020-07-22T13:09:41Z">
          <params>
            <param index="0">
              <value>
                <![CDATA[hwedfh]]>
              </value>
            </param>
            <param index="1">
              <value>
                <![CDATA[shruti]]>
              </value>
            </param>
          </params>
          <reporter-output>
          </reporter-output>
        </test-method> <!-- opi -->
        <test-method status="PASS" signature="opi(java.lang.String, java.lang.String)[pri:0, instance:omg.Fourthtest@38102d01]" name="opi" duration-ms="2" started-at="2020-07-22T13:09:41Z" data-provider="getdata" finished-at="2020-07-22T13:09:41Z">
          <params>
            <param index="0">
              <value>
                <![CDATA[lewkjfwkefj]]>
              </value>
            </param>
            <param index="1">
              <value>
                <![CDATA[wankhade]]>
              </value>
            </param>
          </params>
          <reporter-output>
          </reporter-output>
        </test-method> <!-- opi -->
        <test-method status="PASS" signature="opi(java.lang.String, java.lang.String)[pri:0, instance:omg.Fourthtest@38102d01]" name="opi" duration-ms="2" started-at="2020-07-22T13:09:41Z" data-provider="getdata" finished-at="2020-07-22T13:09:41Z">
          <params>
            <param index="0">
              <value>
                <![CDATA[eodoej]]>
              </value>
            </param>
            <param index="1">
              <value>
                <![CDATA[lpopo]]>
              </value>
            </param>
          </params>
          <reporter-output>
          </reporter-output>
        </test-method> <!-- opi -->
      </class> <!-- omg.Fourthtest -->
    </test> <!-- Test -->
  </suite> <!-- Suite -->
</testng-results>
